# JRE version: Java(TM) SE Runtime Environment (17.0.8+9) (build 17.0.8+9-LTS-211)
# Java VM: Java HotSpot(TM) 64-Bit Server VM (17.0.8+9-LTS-211, mixed mode, sharing, tiered, compressed oops, compressed class ptrs, g1 gc, windows-amd64)
GC Precious Log:
 CPUs: 8 total, 8 available
 Memory: 12026M
 Large Page Support: Disabled
 NUMA Support: Disabled
 Compressed Oops: Enabled (Zero based)
 Heap Region Size: 2M
 Heap Min Capacity: 8M
 Heap Initial Capacity: 188M
 Heap Max Capacity: 3008M
 Pre-touch: Disabled
 Parallel Workers: 8
 Concurrent Workers: 2
 Concurrent Refinement Workers: 8
 Periodic GC: Disabled
Heap:
 garbage-first heap   total 94208K, used 57777K [0x0000000744000000, 0x0000000800000000)
  region size 2048K, 8 young (16384K), 2 survivors (4096K)
 Metaspace       used 79645K, committed 80256K, reserved 1179648K
  class space    used 10314K, committed 10624K, reserved 1048576K
GC Heap History (20 events):
Event: 16.138 GC heap before
{Heap before GC invocations=22 (full 0):
 garbage-first heap   total 61440K, used 50190K [0x0000000744000000, 0x0000000800000000)
  region size 2048K, 11 young (22528K), 1 survivors (2048K)
 Metaspace       used 63647K, committed 64064K, reserved 1114112K
  class space    used 8410K, committed 8640K, reserved 1048576K
}
Event: 16.143 GC heap after
{Heap after GC invocations=23 (full 0):
 garbage-first heap   total 61440K, used 31174K [0x0000000744000000, 0x0000000800000000)
  region size 2048K, 2 young (4096K), 2 survivors (4096K)
 Metaspace       used 63647K, committed 64064K, reserved 1114112K
  class space    used 8410K, committed 8640K, reserved 1048576K
}
Event: 16.668 GC heap before
{Heap before GC invocations=23 (full 0):
 garbage-first heap   total 61440K, used 49606K [0x0000000744000000, 0x0000000800000000)
  region size 2048K, 11 young (22528K), 2 survivors (4096K)
 Metaspace       used 66431K, committed 66880K, reserved 1114112K
  class space    used 8759K, committed 8960K, reserved 1048576K
}
Event: 16.673 GC heap after
{Heap after GC invocations=24 (full 0):
 garbage-first heap   total 61440K, used 32757K [0x0000000744000000, 0x0000000800000000)
  region size 2048K, 2 young (4096K), 2 survivors (4096K)
 Metaspace       used 66431K, committed 66880K, reserved 1114112K
  class space    used 8759K, committed 8960K, reserved 1048576K
}
Event: 16.855 GC heap before
{Heap before GC invocations=25 (full 0):
 garbage-first heap   total 61440K, used 49141K [0x0000000744000000, 0x0000000800000000)
  region size 2048K, 10 young (20480K), 2 survivors (4096K)
 Metaspace       used 67053K, committed 67456K, reserved 1114112K
  class space    used 8821K, committed 9024K, reserved 1048576K
}
Event: 16.859 GC heap after
{Heap after GC invocations=26 (full 0):
 garbage-first heap   total 61440K, used 35655K [0x0000000744000000, 0x0000000800000000)
  region size 2048K, 2 young (4096K), 2 survivors (4096K)
 Metaspace       used 67053K, committed 67456K, reserved 1114112K
  class space    used 8821K, committed 9024K, reserved 1048576K
}
Event: 16.914 GC heap before
{Heap before GC invocations=26 (full 0):
 garbage-first heap   total 61440K, used 39751K [0x0000000744000000, 0x0000000800000000)
  region size 2048K, 6 young (12288K), 2 survivors (4096K)
 Metaspace       used 67187K, committed 67648K, reserved 1114112K
  class space    used 8834K, committed 9024K, reserved 1048576K
}
Event: 16.917 GC heap after
{Heap after GC invocations=27 (full 0):
 garbage-first heap   total 61440K, used 36481K [0x0000000744000000, 0x0000000800000000)
  region size 2048K, 1 young (2048K), 1 survivors (2048K)
 Metaspace       used 67187K, committed 67648K, reserved 1114112K
  class space    used 8834K, committed 9024K, reserved 1048576K
}
Event: 17.233 GC heap before
{Heap before GC invocations=28 (full 0):
 garbage-first heap   total 69632K, used 50817K [0x0000000744000000, 0x0000000800000000)
  region size 2048K, 7 young (14336K), 1 survivors (2048K)
 Metaspace       used 68624K, committed 68992K, reserved 1114112K
  class space    used 8970K, committed 9152K, reserved 1048576K
}
Event: 17.235 GC heap after
{Heap after GC invocations=29 (full 0):
 garbage-first heap   total 69632K, used 37317K [0x0000000744000000, 0x0000000800000000)
  region size 2048K, 1 young (2048K), 1 survivors (2048K)
 Metaspace       used 68624K, committed 68992K, reserved 1114112K
  class space    used 8970K, committed 9152K, reserved 1048576K
}
Event: 17.266 GC heap before
{Heap before GC invocations=29 (full 0):
 garbage-first heap   total 69632K, used 39365K [0x0000000744000000, 0x0000000800000000)
  region size 2048K, 2 young (4096K), 1 survivors (2048K)
 Metaspace       used 68702K, committed 69056K, reserved 1114112K
  class space    used 8981K, committed 9152K, reserved 1048576K
}
Event: 17.269 GC heap after
{Heap after GC invocations=30 (full 0):
 garbage-first heap   total 69632K, used 36976K [0x0000000744000000, 0x0000000800000000)
  region size 2048K, 1 young (2048K), 1 survivors (2048K)
 Metaspace       used 68702K, committed 69056K, reserved 1114112K
  class space    used 8981K, committed 9152K, reserved 1048576K
}
Event: 54.490 GC heap before
{Heap before GC invocations=30 (full 0):
 garbage-first heap   total 69632K, used 51312K [0x0000000744000000, 0x0000000800000000)
  region size 2048K, 8 young (16384K), 1 survivors (2048K)
 Metaspace       used 69321K, committed 69760K, reserved 1114112K
  class space    used 9058K, committed 9280K, reserved 1048576K
}
Event: 54.493 GC heap after
{Heap after GC invocations=31 (full 0):
 garbage-first heap   total 94208K, used 37327K [0x0000000744000000, 0x0000000800000000)
  region size 2048K, 1 young (2048K), 1 survivors (2048K)
 Metaspace       used 69321K, committed 69760K, reserved 1114112K
  class space    used 9058K, committed 9280K, reserved 1048576K
}
Event: 66.745 GC heap before
{Heap before GC invocations=32 (full 0):
 garbage-first heap   total 94208K, used 68047K [0x0000000744000000, 0x0000000800000000)
  region size 2048K, 17 young (34816K), 1 survivors (2048K)
 Metaspace       used 74640K, committed 75136K, reserved 1114112K
  class space    used 9733K, committed 9984K, reserved 1048576K
}
Event: 66.750 GC heap after
{Heap after GC invocations=33 (full 0):
 garbage-first heap   total 94208K, used 41418K [0x0000000744000000, 0x0000000800000000)
  region size 2048K, 3 young (6144K), 3 survivors (6144K)
 Metaspace       used 74640K, committed 75136K, reserved 1114112K
  class space    used 9733K, committed 9984K, reserved 1048576K
}
Event: 67.635 GC heap before
{Heap before GC invocations=33 (full 0):
 garbage-first heap   total 94208K, used 70090K [0x0000000744000000, 0x0000000800000000)
  region size 2048K, 17 young (34816K), 3 survivors (6144K)
 Metaspace       used 76969K, committed 77568K, reserved 1179648K
  class space    used 10013K, committed 10304K, reserved 1048576K
}
Event: 67.653 GC heap after
{Heap after GC invocations=34 (full 0):
 garbage-first heap   total 94208K, used 44777K [0x0000000744000000, 0x0000000800000000)
  region size 2048K, 2 young (4096K), 2 survivors (4096K)
 Metaspace       used 76969K, committed 77568K, reserved 1179648K
  class space    used 10013K, committed 10304K, reserved 1048576K
}
Event: 70.922 GC heap before
{Heap before GC invocations=34 (full 0):
 garbage-first heap   total 94208K, used 71401K [0x0000000744000000, 0x0000000800000000)
  region size 2048K, 15 young (30720K), 2 survivors (4096K)
 Metaspace       used 78727K, committed 79488K, reserved 1179648K
  class space    used 10205K, committed 10560K, reserved 1048576K
}
Event: 70.928 GC heap after
{Heap after GC invocations=35 (full 0):
 garbage-first heap   total 94208K, used 47537K [0x0000000744000000, 0x0000000800000000)
  region size 2048K, 2 young (4096K), 2 survivors (4096K)
 Metaspace       used 78727K, committed 79488K, reserved 1179648K
  class space    used 10205K, committed 10560K, reserved 1048576K
}

