# JRE version: Java(TM) SE Runtime Environment (17.0.8+9) (build 17.0.8+9-LTS-211)
# Java VM: Java HotSpot(TM) 64-Bit Server VM (17.0.8+9-LTS-211, mixed mode, sharing, tiered, compressed oops, compressed class ptrs, g1 gc, windows-amd64)
GC Precious Log:
 CPUs: 8 total, 8 available
 Memory: 12026M
 Large Page Support: Disabled
 NUMA Support: Disabled
 Compressed Oops: Enabled (Zero based)
 Heap Region Size: 2M
 Heap Min Capacity: 8M
 Heap Initial Capacity: 188M
 Heap Max Capacity: 3008M
 Pre-touch: Disabled
 Parallel Workers: 8
 Concurrent Workers: 2
 Concurrent Refinement Workers: 8
 Periodic GC: Disabled
Heap:
 garbage-first heap   total 122880K, used 99723K [0x0000000744000000, 0x0000000800000000)
  region size 2048K, 26 young (53248K), 1 survivors (2048K)
 Metaspace       used 85688K, committed 86400K, reserved 1179648K
  class space    used 10458K, committed 10816K, reserved 1048576K
GC Heap History (20 events):
Event: 242.295 GC heap before
{Heap before GC invocations=164 (full 0):
 garbage-first heap   total 122880K, used 104176K [0x0000000744000000, 0x0000000800000000)
  region size 2048K, 27 young (55296K), 1 survivors (2048K)
 Metaspace       used 85688K, committed 86400K, reserved 1179648K
  class space    used 10458K, committed 10816K, reserved 1048576K
}
Event: 242.297 GC heap after
{Heap after GC invocations=165 (full 0):
 garbage-first heap   total 122880K, used 52991K [0x0000000744000000, 0x0000000800000000)
  region size 2048K, 1 young (2048K), 1 survivors (2048K)
 Metaspace       used 85688K, committed 86400K, reserved 1179648K
  class space    used 10458K, committed 10816K, reserved 1048576K
}
Event: 242.546 GC heap before
{Heap before GC invocations=165 (full 0):
 garbage-first heap   total 122880K, used 104191K [0x0000000744000000, 0x0000000800000000)
  region size 2048K, 27 young (55296K), 1 survivors (2048K)
 Metaspace       used 85688K, committed 86400K, reserved 1179648K
  class space    used 10458K, committed 10816K, reserved 1048576K
}
Event: 242.547 GC heap after
{Heap after GC invocations=166 (full 0):
 garbage-first heap   total 122880K, used 52743K [0x0000000744000000, 0x0000000800000000)
  region size 2048K, 1 young (2048K), 1 survivors (2048K)
 Metaspace       used 85688K, committed 86400K, reserved 1179648K
  class space    used 10458K, committed 10816K, reserved 1048576K
}
Event: 242.779 GC heap before
{Heap before GC invocations=166 (full 0):
 garbage-first heap   total 122880K, used 103943K [0x0000000744000000, 0x0000000800000000)
  region size 2048K, 27 young (55296K), 1 survivors (2048K)
 Metaspace       used 85688K, committed 86400K, reserved 1179648K
  class space    used 10458K, committed 10816K, reserved 1048576K
}
Event: 242.781 GC heap after
{Heap after GC invocations=167 (full 0):
 garbage-first heap   total 122880K, used 52755K [0x0000000744000000, 0x0000000800000000)
  region size 2048K, 1 young (2048K), 1 survivors (2048K)
 Metaspace       used 85688K, committed 86400K, reserved 1179648K
  class space    used 10458K, committed 10816K, reserved 1048576K
}
Event: 243.086 GC heap before
{Heap before GC invocations=167 (full 0):
 garbage-first heap   total 122880K, used 103955K [0x0000000744000000, 0x0000000800000000)
  region size 2048K, 27 young (55296K), 1 survivors (2048K)
 Metaspace       used 85688K, committed 86400K, reserved 1179648K
  class space    used 10458K, committed 10816K, reserved 1048576K
}
Event: 243.087 GC heap after
{Heap after GC invocations=168 (full 0):
 garbage-first heap   total 122880K, used 52701K [0x0000000744000000, 0x0000000800000000)
  region size 2048K, 1 young (2048K), 1 survivors (2048K)
 Metaspace       used 85688K, committed 86400K, reserved 1179648K
  class space    used 10458K, committed 10816K, reserved 1048576K
}
Event: 243.247 GC heap before
{Heap before GC invocations=168 (full 0):
 garbage-first heap   total 122880K, used 103901K [0x0000000744000000, 0x0000000800000000)
  region size 2048K, 27 young (55296K), 1 survivors (2048K)
 Metaspace       used 85688K, committed 86400K, reserved 1179648K
  class space    used 10458K, committed 10816K, reserved 1048576K
}
Event: 243.248 GC heap after
{Heap after GC invocations=169 (full 0):
 garbage-first heap   total 122880K, used 52620K [0x0000000744000000, 0x0000000800000000)
  region size 2048K, 1 young (2048K), 1 survivors (2048K)
 Metaspace       used 85688K, committed 86400K, reserved 1179648K
  class space    used 10458K, committed 10816K, reserved 1048576K
}
Event: 243.559 GC heap before
{Heap before GC invocations=169 (full 0):
 garbage-first heap   total 122880K, used 103820K [0x0000000744000000, 0x0000000800000000)
  region size 2048K, 27 young (55296K), 1 survivors (2048K)
 Metaspace       used 85688K, committed 86400K, reserved 1179648K
  class space    used 10458K, committed 10816K, reserved 1048576K
}
Event: 243.560 GC heap after
{Heap after GC invocations=170 (full 0):
 garbage-first heap   total 122880K, used 52905K [0x0000000744000000, 0x0000000800000000)
  region size 2048K, 1 young (2048K), 1 survivors (2048K)
 Metaspace       used 85688K, committed 86400K, reserved 1179648K
  class space    used 10458K, committed 10816K, reserved 1048576K
}
Event: 244.143 GC heap before
{Heap before GC invocations=170 (full 0):
 garbage-first heap   total 122880K, used 104105K [0x0000000744000000, 0x0000000800000000)
  region size 2048K, 27 young (55296K), 1 survivors (2048K)
 Metaspace       used 85688K, committed 86400K, reserved 1179648K
  class space    used 10458K, committed 10816K, reserved 1048576K
}
Event: 244.144 GC heap after
{Heap after GC invocations=171 (full 0):
 garbage-first heap   total 122880K, used 52614K [0x0000000744000000, 0x0000000800000000)
  region size 2048K, 1 young (2048K), 1 survivors (2048K)
 Metaspace       used 85688K, committed 86400K, reserved 1179648K
  class space    used 10458K, committed 10816K, reserved 1048576K
}
Event: 244.547 GC heap before
{Heap before GC invocations=171 (full 0):
 garbage-first heap   total 122880K, used 103814K [0x0000000744000000, 0x0000000800000000)
  region size 2048K, 27 young (55296K), 1 survivors (2048K)
 Metaspace       used 85688K, committed 86400K, reserved 1179648K
  class space    used 10458K, committed 10816K, reserved 1048576K
}
Event: 244.548 GC heap after
{Heap after GC invocations=172 (full 0):
 garbage-first heap   total 122880K, used 52563K [0x0000000744000000, 0x0000000800000000)
  region size 2048K, 1 young (2048K), 1 survivors (2048K)
 Metaspace       used 85688K, committed 86400K, reserved 1179648K
  class space    used 10458K, committed 10816K, reserved 1048576K
}
Event: 245.483 GC heap before
{Heap before GC invocations=172 (full 0):
 garbage-first heap   total 122880K, used 103763K [0x0000000744000000, 0x0000000800000000)
  region size 2048K, 27 young (55296K), 1 survivors (2048K)
 Metaspace       used 85688K, committed 86400K, reserved 1179648K
  class space    used 10458K, committed 10816K, reserved 1048576K
}
Event: 245.485 GC heap after
{Heap after GC invocations=173 (full 0):
 garbage-first heap   total 122880K, used 52641K [0x0000000744000000, 0x0000000800000000)
  region size 2048K, 1 young (2048K), 1 survivors (2048K)
 Metaspace       used 85688K, committed 86400K, reserved 1179648K
  class space    used 10458K, committed 10816K, reserved 1048576K
}
Event: 247.325 GC heap before
{Heap before GC invocations=173 (full 0):
 garbage-first heap   total 122880K, used 103841K [0x0000000744000000, 0x0000000800000000)
  region size 2048K, 27 young (55296K), 1 survivors (2048K)
 Metaspace       used 85688K, committed 86400K, reserved 1179648K
  class space    used 10458K, committed 10816K, reserved 1048576K
}
Event: 247.326 GC heap after
{Heap after GC invocations=174 (full 0):
 garbage-first heap   total 122880K, used 52619K [0x0000000744000000, 0x0000000800000000)
  region size 2048K, 1 young (2048K), 1 survivors (2048K)
 Metaspace       used 85688K, committed 86400K, reserved 1179648K
  class space    used 10458K, committed 10816K, reserved 1048576K
}

